2025-12-24 08:38:55,944 - INFO - 收件箱中共有 31 封邮件
2025-12-24 08:38:55,945 - INFO - 将处理最近 31 封邮件
2025-12-24 08:38:56,051 - INFO - 处理邮件: 111
2025-12-24 08:38:56,055 - INFO - 邮件未包含可识别的舱单附件: 111
2025-12-24 08:38:56,267 - INFO - 处理邮件: 规章制度清单（2025年版）--ai助手
2025-12-24 08:38:56,270 - INFO - 邮件未包含可识别的舱单附件: 规章制度清单（2025年版）--ai助手
2025-12-24 08:38:56,927 - INFO - 处理邮件: 1111
2025-12-24 08:38:56,934 - INFO - 邮件已存在数据库: 1tbiAgIGBGkxGEQRcgAAsl
2025-12-24 08:38:59,738 - INFO - 处理邮件: Fw: 关于向职工代表就公司第十三届四次职代会相关议案征求意见的通知_8325820251204111017
2025-12-24 08:38:59,809 - INFO - 邮件未包含可识别的舱单附件: Fw: 关于向职工代表就公司第十三届四次职代会相关议案征求意见的通知_8325820251204111017
2025-12-24 08:39:01,578 - INFO - 处理邮件: 原只有一个进口的文件
2025-12-24 08:39:01,615 - INFO - 邮件未包含可识别的舱单附件: 原只有一个进口的文件
2025-12-24 08:39:02,209 - INFO - 处理邮件: 一进一出两个文件
2025-12-24 08:39:02,217 - INFO - 邮件已存在数据库: 1tbiBAAHBGkybiB5GgAAsx
2025-12-24 08:39:02,375 - INFO - 处理邮件: 转发: 2025年12月份人员变动
2025-12-24 08:39:02,378 - INFO - 邮件未包含可识别的舱单附件: 转发: 2025年12月份人员变动
2025-12-24 08:39:02,678 - INFO - 处理邮件: 转发: 转发: 公司一般管理岗人岗对应现状（新岗位名称）
2025-12-24 08:39:02,685 - INFO - 邮件未包含可识别的舱单附件: 转发: 转发: 公司一般管理岗人岗对应现状（新岗位名称）
2025-12-24 08:39:02,868 - INFO - 处理邮件: 关于2025年下半年开展公司专业技术职务聘任工作的通知_8325220251211100423.zip
2025-12-24 08:39:02,871 - INFO - 邮件未包含可识别的舱单附件: 关于2025年下半年开展公司专业技术职务聘任工作的通知_8325220251211100423.zip
2025-12-24 08:39:03,039 - INFO - 处理邮件: 2026-1-6月值班表01版.xlsx
2025-12-24 08:39:03,043 - INFO - 邮件未包含可识别的舱单附件: 2026-1-6月值班表01版.xlsx
2025-12-24 08:39:03,043 - INFO - 已处理 10/31 封邮件
2025-12-24 08:39:17,987 - INFO - 处理邮件: 转发: 管理岗竞聘工作的通知
2025-12-24 08:39:18,374 - INFO - 邮件未包含可识别的舱单附件: 转发: 管理岗竞聘工作的通知
2025-12-24 08:39:39,611 - INFO - 处理邮件: 天津港集装箱码头规章第17号 天津港集装箱码头有限公司岗位工资制实施细则（修订）
2025-12-24 08:39:40,188 - INFO - 邮件未包含可识别的舱单附件: 天津港集装箱码头规章第17号 天津港集装箱码头有限公司岗位工资制实施细则（修订）
2025-12-24 08:39:40,400 - INFO - 处理邮件: Fw: 关于竞聘报名方式的提示
2025-12-24 08:39:41,135 - INFO - 处理邮件: 钓鱼邮件警示
2025-12-24 08:39:41,870 - INFO - 处理邮件: 转发: 版本升级通知-轻舟AI
2025-12-24 08:39:41,889 - INFO - 邮件未包含可识别的舱单附件: 转发: 版本升级通知-轻舟AI
2025-12-24 08:39:46,551 - INFO - 处理邮件: 转发: 关于本轮竞聘报名工作的提示
2025-12-24 08:39:46,661 - INFO - 邮件未包含可识别的舱单附件: 转发: 关于本轮竞聘报名工作的提示
2025-12-24 08:39:46,806 - INFO - 处理邮件: 测试邮件 - 进口舱单系统
2025-12-24 08:39:46,947 - INFO - 处理邮件: 测试邮件 - 出口舱单系统
2025-12-24 08:39:47,087 - INFO - 处理邮件: Re: 1111
2025-12-24 08:39:47,096 - INFO - 邮件未包含可识别的舱单附件: Re: 1111
2025-12-24 08:39:47,241 - INFO - 处理邮件: Re: 一进一出两个文件
2025-12-24 08:39:47,253 - INFO - 邮件未包含可识别的舱单附件: Re: 一进一出两个文件
2025-12-24 08:39:47,254 - INFO - 已处理 20/31 封邮件
2025-12-24 08:39:47,395 - INFO - 处理邮件: Re: 原只有一个进口的文件
2025-12-24 08:39:47,400 - INFO - 邮件未包含可识别的舱单附件: Re: 原只有一个进口的文件
2025-12-24 08:39:47,551 - INFO - 处理邮件: Re: 一进一出两个文件
2025-12-24 08:39:47,560 - INFO - 邮件未包含可识别的舱单附件: Re: 一进一出两个文件
2025-12-24 08:39:47,702 - INFO - 处理邮件: Re: 1111
2025-12-24 08:39:47,705 - INFO - 邮件未包含可识别的舱单附件: Re: 1111
2025-12-24 08:39:47,845 - INFO - 处理邮件: Re: 一进一出两个文件
2025-12-24 08:39:47,848 - INFO - 邮件未包含可识别的舱单附件: Re: 一进一出两个文件
2025-12-24 08:39:47,989 - INFO - 处理邮件: Re: 原只有一个进口的文件
2025-12-24 08:39:47,992 - INFO - 邮件未包含可识别的舱单附件: Re: 原只有一个进口的文件
2025-12-24 08:39:48,126 - INFO - 处理邮件: Re: 一进一出两个文件
2025-12-24 08:39:48,129 - INFO - 邮件未包含可识别的舱单附件: Re: 一进一出两个文件
2025-12-24 08:39:48,761 - INFO - 处理邮件: 转发: 公司生产调度视频会议纪要2025.12.23
2025-12-24 08:39:48,774 - INFO - 邮件未包含可识别的舱单附件: 转发: 公司生产调度视频会议纪要2025.12.23
2025-12-24 08:39:48,921 - INFO - 处理邮件: 回复+一进一出两个文件+附件核查清单
2025-12-24 08:39:48,928 - INFO - 邮件未包含可识别的舱单附件: 回复+一进一出两个文件+附件核查清单
2025-12-24 08:39:49,083 - INFO - 处理邮件: 回复+一进一出两个文件+附件核查清单
2025-12-24 08:39:49,095 - INFO - 邮件未包含可识别的舱单附件: 回复+一进一出两个文件+附件核查清单
2025-12-24 08:39:49,239 - INFO - 处理邮件: 回复+原只有一个进口的文件+附件核查清单
2025-12-24 08:39:49,242 - INFO - 邮件未包含可识别的舱单附件: 回复+原只有一个进口的文件+附件核查清单
2025-12-24 08:39:49,243 - INFO - 已处理 30/31 封邮件
2025-12-24 08:39:49,399 - INFO - 处理邮件: 回复+1111+附件核查清单
2025-12-24 08:39:49,404 - INFO - 邮件未包含可识别的舱单附件: 回复+1111+附件核查清单
2025-12-24 08:39:49,541 - INFO - 同步完成，总计处理 31 封邮件
